[ 2016-06-21T08:52:40+08:00 ] 127.0.0.1 /tkp/index.php/Home/User/login
INFO: [ app_init ] --START--
INFO: Run Behavior\BuildLiteBehavior [ RunTime:0.001000s ]
INFO: [ app_init ] --END-- [ RunTime:0.005000s ]
INFO: [ app_begin ] --START--
INFO: Run Behavior\ReadHtmlCacheBehavior [ RunTime:0.002000s ]
INFO: [ app_begin ] --END-- [ RunTime:0.006000s ]
SQL: SHOW COLUMNS FROM `tb_user` [ RunTime:0.0050s ]
INFO: [ app_end ] --START--
INFO: Run Behavior\ShowPageTraceBehavior [ RunTime:0.007001s ]
INFO: [ app_end ] --END-- [ RunTime:0.009001s ]

[ 2016-06-21T08:52:45+08:00 ] 127.0.0.1 /tkp/index.php/Home/Class/classManage
INFO: [ app_init ] --START--
INFO: Run Behavior\BuildLiteBehavior [ RunTime:0.000000s ]
INFO: [ app_init ] --END-- [ RunTime:0.004000s ]
INFO: [ app_begin ] --START--
INFO: Run Behavior\ReadHtmlCacheBehavior [ RunTime:0.003001s ]
INFO: [ app_begin ] --END-- [ RunTime:0.006001s ]
SQL: SHOW COLUMNS FROM `class` [ RunTime:0.0130s ]
INFO: [ view_parse ] --START--
INFO: [ template_filter ] --START--
INFO: Run Behavior\ContentReplaceBehavior [ RunTime:0.001000s ]
INFO: [ template_filter ] --END-- [ RunTime:0.004000s ]
INFO: Run Behavior\ParseTemplateBehavior [ RunTime:0.046003s ]
INFO: [ view_parse ] --END-- [ RunTime:0.049003s ]
INFO: [ view_filter ] --START--
INFO: Run Behavior\WriteHtmlCacheBehavior [ RunTime:0.002000s ]
INFO: [ view_filter ] --END-- [ RunTime:0.004000s ]
INFO: [ app_end ] --START--
INFO: Run Behavior\ShowPageTraceBehavior [ RunTime:0.002000s ]
INFO: [ app_end ] --END-- [ RunTime:0.006000s ]

[ 2016-06-21T08:52:47+08:00 ] 127.0.0.1 /tkp/index.php/Home/Class/loadClassByPage?pageNo=1&pageSize=10&page=1&rows=10
INFO: [ app_init ] --START--
INFO: Run Behavior\BuildLiteBehavior [ RunTime:0.000000s ]
INFO: [ app_init ] --END-- [ RunTime:0.003000s ]
INFO: [ app_begin ] --START--
INFO: Run Behavior\ReadHtmlCacheBehavior [ RunTime:0.001000s ]
INFO: [ app_begin ] --END-- [ RunTime:0.003000s ]
SQL: SHOW COLUMNS FROM `class` [ RunTime:0.0070s ]
SQL: select count(*) as cc from class c,tb_user u1,tb_user u2 where c.headerid=u1.uid and u2.uid=c.managerid [ RunTime:0.0060s ]
SQL: select c.cid,c.name,c.classtype,c.status,
            c.createtime,c.begintime,c.endtime,u1.truename headername,
            u2.trueName managername,c.stucount,c.remark from class c,tb_user u1,tb_user u2 where c.headerid=u1.uid and u2.uid=c.managerid order by cid limit 0,10 [ RunTime:0.0020s ]

[ 2016-06-21T08:53:09+08:00 ] 127.0.0.1 /tkp/index.php/Home/Class/loadClassByPage
INFO: [ app_init ] --START--
INFO: Run Behavior\BuildLiteBehavior [ RunTime:0.001000s ]
INFO: [ app_init ] --END-- [ RunTime:0.003000s ]
INFO: [ app_begin ] --START--
INFO: Run Behavior\ReadHtmlCacheBehavior [ RunTime:0.001000s ]
INFO: [ app_begin ] --END-- [ RunTime:0.003000s ]
SQL: SHOW COLUMNS FROM `class` [ RunTime:0.0060s ]
SQL: select count(*) as cc from class c,tb_user u1,tb_user u2 where c.headerid=u1.uid and u2.uid=c.managerid and u2.trueName like '%刘%' [ RunTime:0.0020s ]
SQL: select c.cid,c.name,c.classtype,c.status,
            c.createtime,c.begintime,c.endtime,u1.truename headername,
            u2.trueName managername,c.stucount,c.remark from class c,tb_user u1,tb_user u2 where c.headerid=u1.uid and u2.uid=c.managerid and u2.trueName like '%刘%' order by cid limit 0,10 [ RunTime:0.0020s ]

[ 2016-06-21T08:53:28+08:00 ] 127.0.0.1 /tkp/index.php/Home/Class/loadClassByPage
INFO: [ app_init ] --START--
INFO: Run Behavior\BuildLiteBehavior [ RunTime:0.000000s ]
INFO: [ app_init ] --END-- [ RunTime:0.003000s ]
INFO: [ app_begin ] --START--
INFO: Run Behavior\ReadHtmlCacheBehavior [ RunTime:0.001000s ]
INFO: [ app_begin ] --END-- [ RunTime:0.003000s ]
SQL: SHOW COLUMNS FROM `class` [ RunTime:0.0060s ]
SQL: select count(*) as cc from class c,tb_user u1,tb_user u2 where c.headerid=u1.uid and u2.uid=c.managerid and c.status = 1 [ RunTime:0.0010s ]
SQL: select c.cid,c.name,c.classtype,c.status,
            c.createtime,c.begintime,c.endtime,u1.truename headername,
            u2.trueName managername,c.stucount,c.remark from class c,tb_user u1,tb_user u2 where c.headerid=u1.uid and u2.uid=c.managerid and c.status = 1 order by cid limit 0,10 [ RunTime:0.0010s ]

