[ 2016-06-16T10:44:14+08:00 ] 127.0.0.1 /tkp/index.php/tttt/aaa/123
INFO: [ app_init ] --START--
INFO: Run Behavior\BuildLiteBehavior [ RunTime:0.001000s ]
INFO: [ app_init ] --END-- [ RunTime:0.021600s ]
ERR: 无法加载模块:Admin

[ 2016-06-16T16:50:37+08:00 ] 127.0.0.1 /tkp/index.php/bbb/2016/6/16
INFO: [ app_init ] --START--
INFO: Run Behavior\BuildLiteBehavior [ RunTime:0.001000s ]
INFO: [ app_init ] --END-- [ RunTime:0.004000s ]
ERR: 无法加载模块:Bbb

[ 2016-06-16T17:31:16+08:00 ] 127.0.0.1 /tkp/index.php/tkp/index.php/Home/Index/ttt.html.html
INFO: [ app_init ] --START--
INFO: Run Behavior\BuildLiteBehavior [ RunTime:0.000000s ]
INFO: [ app_init ] --END-- [ RunTime:0.003000s ]
ERR: 无法加载模块:Tkp

[ 2016-06-16T17:32:17+08:00 ] 127.0.0.1 /tkp/index.php/tkp/index.php/Home/Index/ttt.html.html
INFO: [ app_init ] --START--
INFO: Run Behavior\BuildLiteBehavior [ RunTime:0.001000s ]
INFO: [ app_init ] --END-- [ RunTime:0.018600s ]
ERR: 无法加载模块:Tkp

[ 2016-06-16T17:32:18+08:00 ] 127.0.0.1 /tkp/index.php/tkp/index.php/Home/Index/ttt.html.html
INFO: [ app_init ] --START--
INFO: Run Behavior\BuildLiteBehavior [ RunTime:0.000000s ]
INFO: [ app_init ] --END-- [ RunTime:0.004000s ]
ERR: 无法加载模块:Tkp

[ 2016-06-16T17:32:19+08:00 ] 127.0.0.1 /tkp/index.php/tkp/index.php/Home/Index/ttt.html.html
INFO: [ app_init ] --START--
INFO: Run Behavior\BuildLiteBehavior [ RunTime:0.000000s ]
INFO: [ app_init ] --END-- [ RunTime:0.000000s ]
ERR: 无法加载模块:Tkp

[ 2016-06-16T17:33:01+08:00 ] 127.0.0.1 /tkp/index.php/tkp/index.php/Home/Index/ttt.html.html
INFO: [ app_init ] --START--
INFO: Run Behavior\BuildLiteBehavior [ RunTime:0.000000s ]
INFO: [ app_init ] --END-- [ RunTime:0.000000s ]
ERR: 无法加载模块:Tkp

[ 2016-06-16T17:36:44+08:00 ] 127.0.0.1 /tkp/index.php/tkp/index.php/Home/Index/ttt.html.html
INFO: [ app_init ] --START--
INFO: Run Behavior\BuildLiteBehavior [ RunTime:0.000000s ]
INFO: [ app_init ] --END-- [ RunTime:0.000000s ]
ERR: 无法加载模块:Tkp

[ 2016-06-16T17:37:01+08:00 ] 127.0.0.1 /tkp/index.php/tkp/index.php/Home/Index/ttt.html.html
INFO: [ app_init ] --START--
INFO: Run Behavior\BuildLiteBehavior [ RunTime:0.000000s ]
INFO: [ app_init ] --END-- [ RunTime:0.003001s ]
ERR: 无法加载模块:Tkp

[ 2016-06-16T17:38:14+08:00 ] 127.0.0.1 /tkp/index.php/tkp/index.php/Home/Index/ttt.html.html
INFO: [ app_init ] --START--
INFO: Run Behavior\BuildLiteBehavior [ RunTime:0.000000s ]
INFO: [ app_init ] --END-- [ RunTime:0.016600s ]
ERR: 无法加载模块:Tkp

[ 2016-06-16T17:38:16+08:00 ] 127.0.0.1 /tkp/index.php/tkp/index.php/Home/Index/ttt.html.html
INFO: [ app_init ] --START--
INFO: Run Behavior\BuildLiteBehavior [ RunTime:0.001000s ]
INFO: [ app_init ] --END-- [ RunTime:0.003000s ]
ERR: 无法加载模块:Tkp

[ 2016-06-16T17:39:59+08:00 ] 127.0.0.1 /tkp/index.php/tkp/index.php/Home/Index/ttt.html.html
INFO: [ app_init ] --START--
INFO: Run Behavior\BuildLiteBehavior [ RunTime:0.001000s ]
INFO: [ app_init ] --END-- [ RunTime:0.004000s ]
ERR: 无法加载模块:Tkp

[ 2016-06-16T17:40:00+08:00 ] 127.0.0.1 /tkp/index.php/tkp/index.php/Home/Index/ttt.html.html
INFO: [ app_init ] --START--
INFO: Run Behavior\BuildLiteBehavior [ RunTime:0.001000s ]
INFO: [ app_init ] --END-- [ RunTime:0.003000s ]
ERR: 无法加载模块:Tkp

[ 2016-06-16T17:40:01+08:00 ] 127.0.0.1 /tkp/index.php/tkp/index.php/Home/Index/ttt.html.html
INFO: [ app_init ] --START--
INFO: Run Behavior\BuildLiteBehavior [ RunTime:0.001000s ]
INFO: [ app_init ] --END-- [ RunTime:0.003001s ]
ERR: 无法加载模块:Tkp

[ 2016-06-16T17:40:01+08:00 ] 127.0.0.1 /tkp/index.php/tkp/index.php/Home/Index/ttt.html.html
INFO: [ app_init ] --START--
INFO: Run Behavior\BuildLiteBehavior [ RunTime:0.001000s ]
INFO: [ app_init ] --END-- [ RunTime:0.003000s ]
ERR: 无法加载模块:Tkp

[ 2016-06-16T17:41:23+08:00 ] 127.0.0.1 /tkp/index.php/tkp/index.php/Home/Index/ttt
INFO: [ app_init ] --START--
INFO: Run Behavior\BuildLiteBehavior [ RunTime:0.000000s ]
INFO: [ app_init ] --END-- [ RunTime:0.005001s ]
ERR: 无法加载模块:Tkp

[ 2016-06-16T17:41:37+08:00 ] 127.0.0.1 /tkp/index.php/tkp/index.phpttt
INFO: [ app_init ] --START--
INFO: Run Behavior\BuildLiteBehavior [ RunTime:0.000000s ]
INFO: [ app_init ] --END-- [ RunTime:0.018600s ]
ERR: 无法加载模块:Tkp

[ 2016-06-16T17:41:43+08:00 ] 127.0.0.1 /tkp/index.php/tkp/index.php/ttt
INFO: [ app_init ] --START--
INFO: Run Behavior\BuildLiteBehavior [ RunTime:0.001000s ]
INFO: [ app_init ] --END-- [ RunTime:0.005000s ]
ERR: 无法加载模块:Tkp

[ 2016-06-16T17:42:10+08:00 ] 127.0.0.1 /tkp/index.php/ttt/2016/6/16
INFO: [ app_init ] --START--
INFO: Run Behavior\BuildLiteBehavior [ RunTime:0.000000s ]
INFO: [ app_init ] --END-- [ RunTime:0.002000s ]
ERR: 无法加载模块:Ttt

[ 2016-06-16T17:42:56+08:00 ] 127.0.0.1 /tkp/index.php/tkp/index.php/Home/Index/bbb.html.html
INFO: [ app_init ] --START--
INFO: Run Behavior\BuildLiteBehavior [ RunTime:0.001000s ]
INFO: [ app_init ] --END-- [ RunTime:0.017600s ]
ERR: 无法加载模块:Tkp

[ 2016-06-16T17:43:29+08:00 ] 127.0.0.1 /tkp/index.php/tkp/index.php/Home/Index/bbb.html.html
INFO: [ app_init ] --START--
INFO: Run Behavior\BuildLiteBehavior [ RunTime:0.001000s ]
INFO: [ app_init ] --END-- [ RunTime:0.004001s ]
ERR: 无法加载模块:Tkp

[ 2016-06-16T17:44:25+08:00 ] 127.0.0.1 /tkp/index.php/tkp/index.php/Home/Index/bbb.html.html
INFO: [ app_init ] --START--
INFO: Run Behavior\BuildLiteBehavior [ RunTime:0.000000s ]
INFO: [ app_init ] --END-- [ RunTime:0.004000s ]
ERR: 无法加载模块:Tkp

